d:\alexandre\documents\projets\[glowwormengine]\simu\simulation_robot_1\simulation_robot_1\dependencies\bullet3-3.17\build_vs2019\extras\bulletrobotics\bulletrobotics.dir\debug\vc142.pdb
d:\alexandre\documents\projets\[glowwormengine]\simu\simulation_robot_1\simulation_robot_1\dependencies\bullet3-3.17\build_vs2019\extras\bulletrobotics\bulletrobotics.dir\debug\tinyrenderervisualshapeconverter.obj
d:\alexandre\documents\projets\[glowwormengine]\simu\simulation_robot_1\simulation_robot_1\dependencies\bullet3-3.17\build_vs2019\extras\bulletrobotics\bulletrobotics.dir\debug\tinyrendererplugin.obj
d:\alexandre\documents\projets\[glowwormengine]\simu\simulation_robot_1\simulation_robot_1\dependencies\bullet3-3.17\build_vs2019\extras\bulletrobotics\bulletrobotics.dir\debug\iktrajectoryhelper.obj
d:\alexandre\documents\projets\[glowwormengine]\simu\simulation_robot_1\simulation_robot_1\dependencies\bullet3-3.17\build_vs2019\extras\bulletrobotics\bulletrobotics.dir\debug\b3robotsimulatorclientapi_nodirect.obj
d:\alexandre\documents\projets\[glowwormengine]\simu\simulation_robot_1\simulation_robot_1\dependencies\bullet3-3.17\build_vs2019\extras\bulletrobotics\bulletrobotics.dir\debug\b3robotsimulatorclientapi_nogui.obj
d:\alexandre\documents\projets\[glowwormengine]\simu\simulation_robot_1\simulation_robot_1\dependencies\bullet3-3.17\build_vs2019\extras\bulletrobotics\bulletrobotics.dir\debug\pdcontrolplugin.obj
d:\alexandre\documents\projets\[glowwormengine]\simu\simulation_robot_1\simulation_robot_1\dependencies\bullet3-3.17\build_vs2019\extras\bulletrobotics\bulletrobotics.dir\debug\collisionfilterplugin.obj
d:\alexandre\documents\projets\[glowwormengine]\simu\simulation_robot_1\simulation_robot_1\dependencies\bullet3-3.17\build_vs2019\extras\bulletrobotics\bulletrobotics.dir\debug\tinyrenderer.obj
d:\alexandre\documents\projets\[glowwormengine]\simu\simulation_robot_1\simulation_robot_1\dependencies\bullet3-3.17\build_vs2019\extras\bulletrobotics\bulletrobotics.dir\debug\our_gl.obj
d:\alexandre\documents\projets\[glowwormengine]\simu\simulation_robot_1\simulation_robot_1\dependencies\bullet3-3.17\build_vs2019\extras\bulletrobotics\bulletrobotics.dir\debug\tgaimage.obj
d:\alexandre\documents\projets\[glowwormengine]\simu\simulation_robot_1\simulation_robot_1\dependencies\bullet3-3.17\build_vs2019\extras\bulletrobotics\bulletrobotics.dir\debug\model.obj
d:\alexandre\documents\projets\[glowwormengine]\simu\simulation_robot_1\simulation_robot_1\dependencies\bullet3-3.17\build_vs2019\extras\bulletrobotics\bulletrobotics.dir\debug\geometry.obj
d:\alexandre\documents\projets\[glowwormengine]\simu\simulation_robot_1\simulation_robot_1\dependencies\bullet3-3.17\build_vs2019\extras\bulletrobotics\bulletrobotics.dir\debug\simplecamera.obj
d:\alexandre\documents\projets\[glowwormengine]\simu\simulation_robot_1\simulation_robot_1\dependencies\bullet3-3.17\build_vs2019\extras\bulletrobotics\bulletrobotics.dir\debug\bulletconversion.obj
d:\alexandre\documents\projets\[glowwormengine]\simu\simulation_robot_1\simulation_robot_1\dependencies\bullet3-3.17\build_vs2019\extras\bulletrobotics\bulletrobotics.dir\debug\kintree.obj
d:\alexandre\documents\projets\[glowwormengine]\simu\simulation_robot_1\simulation_robot_1\dependencies\bullet3-3.17\build_vs2019\extras\bulletrobotics\bulletrobotics.dir\debug\mathutil.obj
d:\alexandre\documents\projets\[glowwormengine]\simu\simulation_robot_1\simulation_robot_1\dependencies\bullet3-3.17\build_vs2019\extras\bulletrobotics\bulletrobotics.dir\debug\rbdmodel.obj
d:\alexandre\documents\projets\[glowwormengine]\simu\simulation_robot_1\simulation_robot_1\dependencies\bullet3-3.17\build_vs2019\extras\bulletrobotics\bulletrobotics.dir\debug\rbdutil.obj
d:\alexandre\documents\projets\[glowwormengine]\simu\simulation_robot_1\simulation_robot_1\dependencies\bullet3-3.17\build_vs2019\extras\bulletrobotics\bulletrobotics.dir\debug\shape.obj
d:\alexandre\documents\projets\[glowwormengine]\simu\simulation_robot_1\simulation_robot_1\dependencies\bullet3-3.17\build_vs2019\extras\bulletrobotics\bulletrobotics.dir\debug\spalg.obj
d:\alexandre\documents\projets\[glowwormengine]\simu\simulation_robot_1\simulation_robot_1\dependencies\bullet3-3.17\build_vs2019\extras\bulletrobotics\bulletrobotics.dir\debug\stb_image.obj
d:\alexandre\documents\projets\[glowwormengine]\simu\simulation_robot_1\simulation_robot_1\dependencies\bullet3-3.17\build_vs2019\extras\bulletrobotics\bulletrobotics.dir\debug\tiny_obj_loader.obj
d:\alexandre\documents\projets\[glowwormengine]\simu\simulation_robot_1\simulation_robot_1\dependencies\bullet3-3.17\build_vs2019\extras\bulletrobotics\bulletrobotics.dir\debug\tinyxml2.obj
d:\alexandre\documents\projets\[glowwormengine]\simu\simulation_robot_1\simulation_robot_1\dependencies\bullet3-3.17\build_vs2019\extras\bulletrobotics\bulletrobotics.dir\debug\chrometraceutil.obj
d:\alexandre\documents\projets\[glowwormengine]\simu\simulation_robot_1\simulation_robot_1\dependencies\bullet3-3.17\build_vs2019\extras\bulletrobotics\bulletrobotics.dir\debug\b3clock.obj
d:\alexandre\documents\projets\[glowwormengine]\simu\simulation_robot_1\simulation_robot_1\dependencies\bullet3-3.17\build_vs2019\extras\bulletrobotics\bulletrobotics.dir\debug\robotloggingutil.obj
d:\alexandre\documents\projets\[glowwormengine]\simu\simulation_robot_1\simulation_robot_1\dependencies\bullet3-3.17\build_vs2019\extras\bulletrobotics\bulletrobotics.dir\debug\b3resourcepath.obj
d:\alexandre\documents\projets\[glowwormengine]\simu\simulation_robot_1\simulation_robot_1\dependencies\bullet3-3.17\build_vs2019\extras\bulletrobotics\bulletrobotics.dir\debug\posixsharedmemory.obj
d:\alexandre\documents\projets\[glowwormengine]\simu\simulation_robot_1\simulation_robot_1\dependencies\bullet3-3.17\build_vs2019\extras\bulletrobotics\bulletrobotics.dir\debug\win32sharedmemory.obj
d:\alexandre\documents\projets\[glowwormengine]\simu\simulation_robot_1\simulation_robot_1\dependencies\bullet3-3.17\build_vs2019\extras\bulletrobotics\bulletrobotics.dir\debug\physicsclientc_api.obj
d:\alexandre\documents\projets\[glowwormengine]\simu\simulation_robot_1\simulation_robot_1\dependencies\bullet3-3.17\build_vs2019\extras\bulletrobotics\bulletrobotics.dir\debug\physicsclientsharedmemory_c_api.obj
d:\alexandre\documents\projets\[glowwormengine]\simu\simulation_robot_1\simulation_robot_1\dependencies\bullet3-3.17\build_vs2019\extras\bulletrobotics\bulletrobotics.dir\debug\physicsclientsharedmemory.obj
d:\alexandre\documents\projets\[glowwormengine]\simu\simulation_robot_1\simulation_robot_1\dependencies\bullet3-3.17\build_vs2019\extras\bulletrobotics\bulletrobotics.dir\debug\b3pluginmanager.obj
d:\alexandre\documents\projets\[glowwormengine]\simu\simulation_robot_1\simulation_robot_1\dependencies\bullet3-3.17\build_vs2019\extras\bulletrobotics\bulletrobotics.dir\debug\physicsservercommandprocessor.obj
d:\alexandre\documents\projets\[glowwormengine]\simu\simulation_robot_1\simulation_robot_1\dependencies\bullet3-3.17\build_vs2019\extras\bulletrobotics\bulletrobotics.dir\debug\physicsdirectc_api.obj
d:\alexandre\documents\projets\[glowwormengine]\simu\simulation_robot_1\simulation_robot_1\dependencies\bullet3-3.17\build_vs2019\extras\bulletrobotics\bulletrobotics.dir\debug\physicsdirect.obj
d:\alexandre\documents\projets\[glowwormengine]\simu\simulation_robot_1\simulation_robot_1\dependencies\bullet3-3.17\build_vs2019\extras\bulletrobotics\bulletrobotics.dir\debug\physicsserversharedmemory.obj
d:\alexandre\documents\projets\[glowwormengine]\simu\simulation_robot_1\simulation_robot_1\dependencies\bullet3-3.17\build_vs2019\extras\bulletrobotics\bulletrobotics.dir\debug\physicsserver.obj
d:\alexandre\documents\projets\[glowwormengine]\simu\simulation_robot_1\simulation_robot_1\dependencies\bullet3-3.17\build_vs2019\extras\bulletrobotics\bulletrobotics.dir\debug\physicsclient.obj
d:\alexandre\documents\projets\[glowwormengine]\simu\simulation_robot_1\simulation_robot_1\dependencies\bullet3-3.17\build_vs2019\extras\bulletrobotics\bulletrobotics.dir\debug\inprocessmemory.obj
d:\alexandre\documents\projets\[glowwormengine]\simu\simulation_robot_1\simulation_robot_1\dependencies\bullet3-3.17\build_vs2019\extras\bulletrobotics\bulletrobotics.dir\debug\b3posixthreadsupport.obj
d:\alexandre\documents\projets\[glowwormengine]\simu\simulation_robot_1\simulation_robot_1\dependencies\bullet3-3.17\build_vs2019\extras\bulletrobotics\bulletrobotics.dir\debug\b3importmeshutility.obj
d:\alexandre\documents\projets\[glowwormengine]\simu\simulation_robot_1\simulation_robot_1\dependencies\bullet3-3.17\build_vs2019\extras\bulletrobotics\bulletrobotics.dir\debug\urdfstringsplit.obj
d:\alexandre\documents\projets\[glowwormengine]\simu\simulation_robot_1\simulation_robot_1\dependencies\bullet3-3.17\build_vs2019\extras\bulletrobotics\bulletrobotics.dir\debug\urdfparser.obj
d:\alexandre\documents\projets\[glowwormengine]\simu\simulation_robot_1\simulation_robot_1\dependencies\bullet3-3.17\build_vs2019\extras\bulletrobotics\bulletrobotics.dir\debug\urdf2bullet.obj
d:\alexandre\documents\projets\[glowwormengine]\simu\simulation_robot_1\simulation_robot_1\dependencies\bullet3-3.17\build_vs2019\extras\bulletrobotics\bulletrobotics.dir\debug\mymultibodycreator.obj
d:\alexandre\documents\projets\[glowwormengine]\simu\simulation_robot_1\simulation_robot_1\dependencies\bullet3-3.17\build_vs2019\extras\bulletrobotics\bulletrobotics.dir\debug\bulleturdfimporter.obj
d:\alexandre\documents\projets\[glowwormengine]\simu\simulation_robot_1\simulation_robot_1\dependencies\bullet3-3.17\build_vs2019\extras\bulletrobotics\bulletrobotics.dir\debug\bulletmjcfimporter.obj
d:\alexandre\documents\projets\[glowwormengine]\simu\simulation_robot_1\simulation_robot_1\dependencies\bullet3-3.17\build_vs2019\extras\bulletrobotics\bulletrobotics.dir\debug\wavefront2glinstancegraphicsshape.obj
d:\alexandre\documents\projets\[glowwormengine]\simu\simulation_robot_1\simulation_robot_1\dependencies\bullet3-3.17\build_vs2019\extras\bulletrobotics\bulletrobotics.dir\debug\loadmeshfromobj.obj
d:\alexandre\documents\projets\[glowwormengine]\simu\simulation_robot_1\simulation_robot_1\dependencies\bullet3-3.17\build_vs2019\extras\bulletrobotics\bulletrobotics.dir\debug\loadmeshfromcollada.obj
d:\alexandre\documents\projets\[glowwormengine]\simu\simulation_robot_1\simulation_robot_1\dependencies\bullet3-3.17\build_vs2019\extras\bulletrobotics\bulletrobotics.dir\debug\vectorrn.obj
d:\alexandre\documents\projets\[glowwormengine]\simu\simulation_robot_1\simulation_robot_1\dependencies\bullet3-3.17\build_vs2019\extras\bulletrobotics\bulletrobotics.dir\debug\tree.obj
d:\alexandre\documents\projets\[glowwormengine]\simu\simulation_robot_1\simulation_robot_1\dependencies\bullet3-3.17\build_vs2019\extras\bulletrobotics\bulletrobotics.dir\debug\node.obj
d:\alexandre\documents\projets\[glowwormengine]\simu\simulation_robot_1\simulation_robot_1\dependencies\bullet3-3.17\build_vs2019\extras\bulletrobotics\bulletrobotics.dir\debug\misc.obj
d:\alexandre\documents\projets\[glowwormengine]\simu\simulation_robot_1\simulation_robot_1\dependencies\bullet3-3.17\build_vs2019\extras\bulletrobotics\bulletrobotics.dir\debug\matrixrmn.obj
d:\alexandre\documents\projets\[glowwormengine]\simu\simulation_robot_1\simulation_robot_1\dependencies\bullet3-3.17\build_vs2019\extras\bulletrobotics\bulletrobotics.dir\debug\linearr4.obj
d:\alexandre\documents\projets\[glowwormengine]\simu\simulation_robot_1\simulation_robot_1\dependencies\bullet3-3.17\build_vs2019\extras\bulletrobotics\bulletrobotics.dir\debug\linearr3.obj
d:\alexandre\documents\projets\[glowwormengine]\simu\simulation_robot_1\simulation_robot_1\dependencies\bullet3-3.17\build_vs2019\extras\bulletrobotics\bulletrobotics.dir\debug\linearr2.obj
d:\alexandre\documents\projets\[glowwormengine]\simu\simulation_robot_1\simulation_robot_1\dependencies\bullet3-3.17\build_vs2019\extras\bulletrobotics\bulletrobotics.dir\debug\jacobian.obj
d:\alexandre\documents\projets\[glowwormengine]\simu\simulation_robot_1\simulation_robot_1\dependencies\bullet3-3.17\build_vs2019\extras\bulletrobotics\bulletrobotics.dir\debug\passivesocket.obj
d:\alexandre\documents\projets\[glowwormengine]\simu\simulation_robot_1\simulation_robot_1\dependencies\bullet3-3.17\build_vs2019\extras\bulletrobotics\bulletrobotics.dir\debug\activesocket.obj
d:\alexandre\documents\projets\[glowwormengine]\simu\simulation_robot_1\simulation_robot_1\dependencies\bullet3-3.17\build_vs2019\extras\bulletrobotics\bulletrobotics.dir\debug\simplesocket.obj
d:\alexandre\documents\projets\[glowwormengine]\simu\simulation_robot_1\simulation_robot_1\dependencies\bullet3-3.17\build_vs2019\extras\bulletrobotics\bulletrobotics.dir\debug\physicsclienttcp_c_api.obj
d:\alexandre\documents\projets\[glowwormengine]\simu\simulation_robot_1\simulation_robot_1\dependencies\bullet3-3.17\build_vs2019\extras\bulletrobotics\bulletrobotics.dir\debug\physicsclienttcp.obj
d:\alexandre\documents\projets\[glowwormengine]\simu\simulation_robot_1\simulation_robot_1\dependencies\bullet3-3.17\build_vs2019\extras\bulletrobotics\bulletrobotics.dir\debug\physicsclientudp_c_api.obj
d:\alexandre\documents\projets\[glowwormengine]\simu\simulation_robot_1\simulation_robot_1\dependencies\bullet3-3.17\build_vs2019\extras\bulletrobotics\bulletrobotics.dir\debug\physicsclientudp.obj
d:\alexandre\documents\projets\[glowwormengine]\simu\simulation_robot_1\simulation_robot_1\dependencies\bullet3-3.17\build_vs2019\extras\bulletrobotics\bulletrobotics.dir\debug\vhacdvolume.obj
d:\alexandre\documents\projets\[glowwormengine]\simu\simulation_robot_1\simulation_robot_1\dependencies\bullet3-3.17\build_vs2019\extras\bulletrobotics\bulletrobotics.dir\debug\vhacdmesh.obj
d:\alexandre\documents\projets\[glowwormengine]\simu\simulation_robot_1\simulation_robot_1\dependencies\bullet3-3.17\build_vs2019\extras\bulletrobotics\bulletrobotics.dir\debug\vhacdmanifoldmesh.obj
d:\alexandre\documents\projets\[glowwormengine]\simu\simulation_robot_1\simulation_robot_1\dependencies\bullet3-3.17\build_vs2019\extras\bulletrobotics\bulletrobotics.dir\debug\vhacdichull.obj
d:\alexandre\documents\projets\[glowwormengine]\simu\simulation_robot_1\simulation_robot_1\dependencies\bullet3-3.17\build_vs2019\extras\bulletrobotics\bulletrobotics.dir\debug\vhacd.obj
d:\alexandre\documents\projets\[glowwormengine]\simu\simulation_robot_1\simulation_robot_1\dependencies\bullet3-3.17\build_vs2019\extras\bulletrobotics\bulletrobotics.dir\debug\main_vhacd.obj
d:\alexandre\documents\projets\[glowwormengine]\simu\simulation_robot_1\simulation_robot_1\dependencies\bullet3-3.17\build_vs2019\extras\bulletrobotics\bulletrobotics.dir\debug\b3threadsupportinterface.obj
d:\alexandre\documents\projets\[glowwormengine]\simu\simulation_robot_1\simulation_robot_1\dependencies\bullet3-3.17\build_vs2019\extras\bulletrobotics\bulletrobotics.dir\debug\b3win32threadsupport.obj
d:\alexandre\documents\projets\[glowwormengine]\simu\simulation_robot_1\simulation_robot_1\dependencies\bullet3-3.17\build_vs2019\extras\bulletrobotics\bulletrobotics.dir\debug\protocol.obj
d:\alexandre\documents\projets\[glowwormengine]\simu\simulation_robot_1\simulation_robot_1\dependencies\bullet3-3.17\build_vs2019\extras\bulletrobotics\bulletrobotics.dir\debug\peer.obj
d:\alexandre\documents\projets\[glowwormengine]\simu\simulation_robot_1\simulation_robot_1\dependencies\bullet3-3.17\build_vs2019\extras\bulletrobotics\bulletrobotics.dir\debug\packet.obj
d:\alexandre\documents\projets\[glowwormengine]\simu\simulation_robot_1\simulation_robot_1\dependencies\bullet3-3.17\build_vs2019\extras\bulletrobotics\bulletrobotics.dir\debug\list.obj
d:\alexandre\documents\projets\[glowwormengine]\simu\simulation_robot_1\simulation_robot_1\dependencies\bullet3-3.17\build_vs2019\extras\bulletrobotics\bulletrobotics.dir\debug\host.obj
d:\alexandre\documents\projets\[glowwormengine]\simu\simulation_robot_1\simulation_robot_1\dependencies\bullet3-3.17\build_vs2019\extras\bulletrobotics\bulletrobotics.dir\debug\compress.obj
d:\alexandre\documents\projets\[glowwormengine]\simu\simulation_robot_1\simulation_robot_1\dependencies\bullet3-3.17\build_vs2019\extras\bulletrobotics\bulletrobotics.dir\debug\callbacks.obj
d:\alexandre\documents\projets\[glowwormengine]\simu\simulation_robot_1\simulation_robot_1\dependencies\bullet3-3.17\build_vs2019\extras\bulletrobotics\bulletrobotics.dir\debug\unix.obj
d:\alexandre\documents\projets\[glowwormengine]\simu\simulation_robot_1\simulation_robot_1\dependencies\bullet3-3.17\build_vs2019\extras\bulletrobotics\bulletrobotics.dir\debug\win32.obj
d:\alexandre\documents\projets\[glowwormengine]\simu\simulation_robot_1\simulation_robot_1\dependencies\bullet3-3.17\build_vs2019\extras\bulletrobotics\cmakefiles\generate.stamp
d:\alexandre\documents\projets\[glowwormengine]\simu\simulation_robot_1\simulation_robot_1\dependencies\bullet3-3.17\build_vs2019\extras\bulletrobotics\bulletrobotics.dir\debug\bulletrobotics.tlog\cl.command.1.tlog
d:\alexandre\documents\projets\[glowwormengine]\simu\simulation_robot_1\simulation_robot_1\dependencies\bullet3-3.17\build_vs2019\extras\bulletrobotics\bulletrobotics.dir\debug\bulletrobotics.tlog\cl.read.1.tlog
d:\alexandre\documents\projets\[glowwormengine]\simu\simulation_robot_1\simulation_robot_1\dependencies\bullet3-3.17\build_vs2019\extras\bulletrobotics\bulletrobotics.dir\debug\bulletrobotics.tlog\cl.write.1.tlog
d:\alexandre\documents\projets\[glowwormengine]\simu\simulation_robot_1\simulation_robot_1\dependencies\bullet3-3.17\build_vs2019\extras\bulletrobotics\bulletrobotics.dir\debug\bulletrobotics.tlog\custombuild.command.1.tlog
d:\alexandre\documents\projets\[glowwormengine]\simu\simulation_robot_1\simulation_robot_1\dependencies\bullet3-3.17\build_vs2019\extras\bulletrobotics\bulletrobotics.dir\debug\bulletrobotics.tlog\custombuild.read.1.tlog
d:\alexandre\documents\projets\[glowwormengine]\simu\simulation_robot_1\simulation_robot_1\dependencies\bullet3-3.17\build_vs2019\extras\bulletrobotics\bulletrobotics.dir\debug\bulletrobotics.tlog\custombuild.write.1.tlog
d:\alexandre\documents\projets\[glowwormengine]\simu\simulation_robot_1\simulation_robot_1\dependencies\bullet3-3.17\build_vs2019\extras\bulletrobotics\bulletrobotics.dir\debug\bulletrobotics.tlog\link.command.1.tlog
d:\alexandre\documents\projets\[glowwormengine]\simu\simulation_robot_1\simulation_robot_1\dependencies\bullet3-3.17\build_vs2019\extras\bulletrobotics\bulletrobotics.dir\debug\bulletrobotics.tlog\link.read.1.tlog
d:\alexandre\documents\projets\[glowwormengine]\simu\simulation_robot_1\simulation_robot_1\dependencies\bullet3-3.17\build_vs2019\extras\bulletrobotics\bulletrobotics.dir\debug\bulletrobotics.tlog\link.write.1.tlog
