d:\alexandre\documents\projets\[glowwormengine]\simu\simulation_robot_1\simulation_robot_1\dependencies\bullet3-3.17\build_vs2019\src\bulletsoftbody\bulletsoftbody.dir\release\poly34.obj
d:\alexandre\documents\projets\[glowwormengine]\simu\simulation_robot_1\simulation_robot_1\dependencies\bullet3-3.17\build_vs2019\src\bulletsoftbody\bulletsoftbody.dir\release\btdeformablecontactconstraint.obj
d:\alexandre\documents\projets\[glowwormengine]\simu\simulation_robot_1\simulation_robot_1\dependencies\bullet3-3.17\build_vs2019\src\bulletsoftbody\bulletsoftbody.dir\release\btdeformablemultibodydynamicsworld.obj
d:\alexandre\documents\projets\[glowwormengine]\simu\simulation_robot_1\simulation_robot_1\dependencies\bullet3-3.17\build_vs2019\src\bulletsoftbody\bulletsoftbody.dir\release\btdeformablecontactprojection.obj
d:\alexandre\documents\projets\[glowwormengine]\simu\simulation_robot_1\simulation_robot_1\dependencies\bullet3-3.17\build_vs2019\src\bulletsoftbody\bulletsoftbody.dir\release\btdeformablemultibodyconstraintsolver.obj
d:\alexandre\documents\projets\[glowwormengine]\simu\simulation_robot_1\simulation_robot_1\dependencies\bullet3-3.17\build_vs2019\src\bulletsoftbody\bulletsoftbody.dir\release\btdeformablebodysolver.obj
d:\alexandre\documents\projets\[glowwormengine]\simu\simulation_robot_1\simulation_robot_1\dependencies\bullet3-3.17\build_vs2019\src\bulletsoftbody\bulletsoftbody.dir\release\btdeformablebackwardeulerobjective.obj
d:\alexandre\documents\projets\[glowwormengine]\simu\simulation_robot_1\simulation_robot_1\dependencies\bullet3-3.17\build_vs2019\src\bulletsoftbody\bulletsoftbody.dir\release\btdefaultsoftbodysolver.obj
d:\alexandre\documents\projets\[glowwormengine]\simu\simulation_robot_1\simulation_robot_1\dependencies\bullet3-3.17\build_vs2019\src\bulletsoftbody\bulletsoftbody.dir\release\btsoftsoftcollisionalgorithm.obj
d:\alexandre\documents\projets\[glowwormengine]\simu\simulation_robot_1\simulation_robot_1\dependencies\bullet3-3.17\build_vs2019\src\bulletsoftbody\bulletsoftbody.dir\release\btsoftmultibodydynamicsworld.obj
d:\alexandre\documents\projets\[glowwormengine]\simu\simulation_robot_1\simulation_robot_1\dependencies\bullet3-3.17\build_vs2019\src\bulletsoftbody\bulletsoftbody.dir\release\btsoftrigiddynamicsworld.obj
d:\alexandre\documents\projets\[glowwormengine]\simu\simulation_robot_1\simulation_robot_1\dependencies\bullet3-3.17\build_vs2019\src\bulletsoftbody\bulletsoftbody.dir\release\btsoftrigidcollisionalgorithm.obj
d:\alexandre\documents\projets\[glowwormengine]\simu\simulation_robot_1\simulation_robot_1\dependencies\bullet3-3.17\build_vs2019\src\bulletsoftbody\bulletsoftbody.dir\release\btsoftbodyrigidbodycollisionconfiguration.obj
d:\alexandre\documents\projets\[glowwormengine]\simu\simulation_robot_1\simulation_robot_1\dependencies\bullet3-3.17\build_vs2019\src\bulletsoftbody\bulletsoftbody.dir\release\btsoftbodyhelpers.obj
d:\alexandre\documents\projets\[glowwormengine]\simu\simulation_robot_1\simulation_robot_1\dependencies\bullet3-3.17\build_vs2019\src\bulletsoftbody\bulletsoftbody.dir\release\btsoftbodyconcavecollisionalgorithm.obj
d:\alexandre\documents\projets\[glowwormengine]\simu\simulation_robot_1\simulation_robot_1\dependencies\bullet3-3.17\build_vs2019\src\bulletsoftbody\bulletsoftbody.dir\release\btsoftbody.obj
d:\alexandre\documents\projets\[glowwormengine]\simu\simulation_robot_1\simulation_robot_1\dependencies\bullet3-3.17\build_vs2019\src\bulletsoftbody\cmakefiles\generate.stamp
d:\alexandre\documents\projets\[glowwormengine]\simu\simulation_robot_1\simulation_robot_1\dependencies\bullet3-3.17\build_vs2019\src\bulletsoftbody\bulletsoftbody.dir\release\bulletsoftbody.tlog\cl.command.1.tlog
d:\alexandre\documents\projets\[glowwormengine]\simu\simulation_robot_1\simulation_robot_1\dependencies\bullet3-3.17\build_vs2019\src\bulletsoftbody\bulletsoftbody.dir\release\bulletsoftbody.tlog\cl.read.1.tlog
d:\alexandre\documents\projets\[glowwormengine]\simu\simulation_robot_1\simulation_robot_1\dependencies\bullet3-3.17\build_vs2019\src\bulletsoftbody\bulletsoftbody.dir\release\bulletsoftbody.tlog\cl.write.1.tlog
d:\alexandre\documents\projets\[glowwormengine]\simu\simulation_robot_1\simulation_robot_1\dependencies\bullet3-3.17\build_vs2019\src\bulletsoftbody\bulletsoftbody.dir\release\bulletsoftbody.tlog\custombuild.command.1.tlog
d:\alexandre\documents\projets\[glowwormengine]\simu\simulation_robot_1\simulation_robot_1\dependencies\bullet3-3.17\build_vs2019\src\bulletsoftbody\bulletsoftbody.dir\release\bulletsoftbody.tlog\custombuild.read.1.tlog
d:\alexandre\documents\projets\[glowwormengine]\simu\simulation_robot_1\simulation_robot_1\dependencies\bullet3-3.17\build_vs2019\src\bulletsoftbody\bulletsoftbody.dir\release\bulletsoftbody.tlog\custombuild.write.1.tlog
d:\alexandre\documents\projets\[glowwormengine]\simu\simulation_robot_1\simulation_robot_1\dependencies\bullet3-3.17\build_vs2019\src\bulletsoftbody\bulletsoftbody.dir\release\bulletsoftbody.tlog\link.command.1.tlog
d:\alexandre\documents\projets\[glowwormengine]\simu\simulation_robot_1\simulation_robot_1\dependencies\bullet3-3.17\build_vs2019\src\bulletsoftbody\bulletsoftbody.dir\release\bulletsoftbody.tlog\link.read.1.tlog
d:\alexandre\documents\projets\[glowwormengine]\simu\simulation_robot_1\simulation_robot_1\dependencies\bullet3-3.17\build_vs2019\src\bulletsoftbody\bulletsoftbody.dir\release\bulletsoftbody.tlog\link.write.1.tlog
