  Building Custom Rule D:/alexandre/Documents/Projets/[GlowWormEngine]/Simu/Simulation_Robot_1/Simulation_Robot_1/dependencies/bullet3-3.17/src/BulletSoftBody/CMakeLists.txt
  btSoftBody.cpp
  btSoftBodyConcaveCollisionAlgorithm.cpp
  btSoftBodyHelpers.cpp
  btSoftBodyRigidBodyCollisionConfiguration.cpp
  btSoftRigidCollisionAlgorithm.cpp
  btSoftRigidDynamicsWorld.cpp
  btSoftMultiBodyDynamicsWorld.cpp
  btSoftSoftCollisionAlgorithm.cpp
  btDefaultSoftBodySolver.cpp
  btDeformableBackwardEulerObjective.cpp
  btDeformableBodySolver.cpp
  btDeformableMultiBodyConstraintSolver.cpp
  btDeformableContactProjection.cpp
  btDeformableMultiBodyDynamicsWorld.cpp
  btDeformableContactConstraint.cpp
  poly34.cpp
  Génération de code en cours...
D:\alexandre\Documents\Projets\[GlowWormEngine]\Simu\Simulation_Robot_1\Simulation_Robot_1\dependencies\bullet3-3.17\src\BulletSoftBody\poly34.cpp(432): warning C4756: dépassement d'une opération arithmétique de constante
  BulletSoftBody.vcxproj -> D:\alexandre\Documents\Projets\[GlowWormEngine]\Simu\Simulation_Robot_1\Simulation_Robot_1\dependencies\bullet3-3.17\build_vs2019\lib\Release\BulletSoftBody.lib
