d:\alexandre\documents\projets\[glowwormengine]\simu\simulation_robot_1\simulation_robot_1\dependencies\bullet3-3.17\build_vs2019\extras\inversedynamics\bulletinversedynamicsutils.dir\debug\vc142.pdb
d:\alexandre\documents\projets\[glowwormengine]\simu\simulation_robot_1\simulation_robot_1\dependencies\bullet3-3.17\build_vs2019\extras\inversedynamics\bulletinversedynamicsutils.dir\debug\user2internalindex.obj
d:\alexandre\documents\projets\[glowwormengine]\simu\simulation_robot_1\simulation_robot_1\dependencies\bullet3-3.17\build_vs2019\extras\inversedynamics\bulletinversedynamicsutils.dir\debug\multibodynamemap.obj
d:\alexandre\documents\projets\[glowwormengine]\simu\simulation_robot_1\simulation_robot_1\dependencies\bullet3-3.17\build_vs2019\extras\inversedynamics\bulletinversedynamicsutils.dir\debug\simpletreecreator.obj
d:\alexandre\documents\projets\[glowwormengine]\simu\simulation_robot_1\simulation_robot_1\dependencies\bullet3-3.17\build_vs2019\extras\inversedynamics\bulletinversedynamicsutils.dir\debug\randomtreecreator.obj
d:\alexandre\documents\projets\[glowwormengine]\simu\simulation_robot_1\simulation_robot_1\dependencies\bullet3-3.17\build_vs2019\extras\inversedynamics\bulletinversedynamicsutils.dir\debug\idrandomutil.obj
d:\alexandre\documents\projets\[glowwormengine]\simu\simulation_robot_1\simulation_robot_1\dependencies\bullet3-3.17\build_vs2019\extras\inversedynamics\bulletinversedynamicsutils.dir\debug\invdyn_bullet_comparison.obj
d:\alexandre\documents\projets\[glowwormengine]\simu\simulation_robot_1\simulation_robot_1\dependencies\bullet3-3.17\build_vs2019\extras\inversedynamics\bulletinversedynamicsutils.dir\debug\multibodytreedebuggraph.obj
d:\alexandre\documents\projets\[glowwormengine]\simu\simulation_robot_1\simulation_robot_1\dependencies\bullet3-3.17\build_vs2019\extras\inversedynamics\bulletinversedynamicsutils.dir\debug\dillcreator.obj
d:\alexandre\documents\projets\[glowwormengine]\simu\simulation_robot_1\simulation_robot_1\dependencies\bullet3-3.17\build_vs2019\extras\inversedynamics\bulletinversedynamicsutils.dir\debug\btmultibodytreecreator.obj
d:\alexandre\documents\projets\[glowwormengine]\simu\simulation_robot_1\simulation_robot_1\dependencies\bullet3-3.17\build_vs2019\extras\inversedynamics\bulletinversedynamicsutils.dir\debug\multibodytreecreator.obj
d:\alexandre\documents\projets\[glowwormengine]\simu\simulation_robot_1\simulation_robot_1\dependencies\bullet3-3.17\build_vs2019\extras\inversedynamics\bulletinversedynamicsutils.dir\debug\coilcreator.obj
d:\alexandre\documents\projets\[glowwormengine]\simu\simulation_robot_1\simulation_robot_1\dependencies\bullet3-3.17\build_vs2019\extras\inversedynamics\bulletinversedynamicsutils.dir\debug\clonetreecreator.obj
d:\alexandre\documents\projets\[glowwormengine]\simu\simulation_robot_1\simulation_robot_1\dependencies\bullet3-3.17\build_vs2019\extras\inversedynamics\cmakefiles\generate.stamp
d:\alexandre\documents\projets\[glowwormengine]\simu\simulation_robot_1\simulation_robot_1\dependencies\bullet3-3.17\build_vs2019\extras\inversedynamics\bulletinversedynamicsutils.dir\debug\bulletin.1d4eedbf.tlog\cl.command.1.tlog
d:\alexandre\documents\projets\[glowwormengine]\simu\simulation_robot_1\simulation_robot_1\dependencies\bullet3-3.17\build_vs2019\extras\inversedynamics\bulletinversedynamicsutils.dir\debug\bulletin.1d4eedbf.tlog\cl.read.1.tlog
d:\alexandre\documents\projets\[glowwormengine]\simu\simulation_robot_1\simulation_robot_1\dependencies\bullet3-3.17\build_vs2019\extras\inversedynamics\bulletinversedynamicsutils.dir\debug\bulletin.1d4eedbf.tlog\cl.write.1.tlog
d:\alexandre\documents\projets\[glowwormengine]\simu\simulation_robot_1\simulation_robot_1\dependencies\bullet3-3.17\build_vs2019\extras\inversedynamics\bulletinversedynamicsutils.dir\debug\bulletin.1d4eedbf.tlog\custombuild.command.1.tlog
d:\alexandre\documents\projets\[glowwormengine]\simu\simulation_robot_1\simulation_robot_1\dependencies\bullet3-3.17\build_vs2019\extras\inversedynamics\bulletinversedynamicsutils.dir\debug\bulletin.1d4eedbf.tlog\custombuild.read.1.tlog
d:\alexandre\documents\projets\[glowwormengine]\simu\simulation_robot_1\simulation_robot_1\dependencies\bullet3-3.17\build_vs2019\extras\inversedynamics\bulletinversedynamicsutils.dir\debug\bulletin.1d4eedbf.tlog\custombuild.write.1.tlog
d:\alexandre\documents\projets\[glowwormengine]\simu\simulation_robot_1\simulation_robot_1\dependencies\bullet3-3.17\build_vs2019\extras\inversedynamics\bulletinversedynamicsutils.dir\debug\bulletin.1d4eedbf.tlog\link.command.1.tlog
d:\alexandre\documents\projets\[glowwormengine]\simu\simulation_robot_1\simulation_robot_1\dependencies\bullet3-3.17\build_vs2019\extras\inversedynamics\bulletinversedynamicsutils.dir\debug\bulletin.1d4eedbf.tlog\link.read.1.tlog
d:\alexandre\documents\projets\[glowwormengine]\simu\simulation_robot_1\simulation_robot_1\dependencies\bullet3-3.17\build_vs2019\extras\inversedynamics\bulletinversedynamicsutils.dir\debug\bulletin.1d4eedbf.tlog\link.write.1.tlog
