d:\alexandre\documents\projets\[glowwormengine]\simu\simulation_robot_1\simulation_robot_1\dependencies\bullet3-3.17\build_vs2019\src\bullet3opencl\bullet3opencl_clew.dir\release\clew.obj
d:\alexandre\documents\projets\[glowwormengine]\simu\simulation_robot_1\simulation_robot_1\dependencies\bullet3-3.17\build_vs2019\src\bullet3opencl\bullet3opencl_clew.dir\release\b3radixsort32cl.obj
d:\alexandre\documents\projets\[glowwormengine]\simu\simulation_robot_1\simulation_robot_1\dependencies\bullet3-3.17\build_vs2019\src\bullet3opencl\bullet3opencl_clew.dir\release\b3prefixscanfloat4cl.obj
d:\alexandre\documents\projets\[glowwormengine]\simu\simulation_robot_1\simulation_robot_1\dependencies\bullet3-3.17\build_vs2019\src\bullet3opencl\bullet3opencl_clew.dir\release\b3prefixscancl.obj
d:\alexandre\documents\projets\[glowwormengine]\simu\simulation_robot_1\simulation_robot_1\dependencies\bullet3-3.17\build_vs2019\src\bullet3opencl\bullet3opencl_clew.dir\release\b3launchercl.obj
d:\alexandre\documents\projets\[glowwormengine]\simu\simulation_robot_1\simulation_robot_1\dependencies\bullet3-3.17\build_vs2019\src\bullet3opencl\bullet3opencl_clew.dir\release\b3fillcl.obj
d:\alexandre\documents\projets\[glowwormengine]\simu\simulation_robot_1\simulation_robot_1\dependencies\bullet3-3.17\build_vs2019\src\bullet3opencl\bullet3opencl_clew.dir\release\b3boundsearchcl.obj
d:\alexandre\documents\projets\[glowwormengine]\simu\simulation_robot_1\simulation_robot_1\dependencies\bullet3-3.17\build_vs2019\src\bullet3opencl\bullet3opencl_clew.dir\release\b3voronoisimplexsolver.obj
d:\alexandre\documents\projets\[glowwormengine]\simu\simulation_robot_1\simulation_robot_1\dependencies\bullet3-3.17\build_vs2019\src\bullet3opencl\bullet3opencl_clew.dir\release\b3triangleindexvertexarray.obj
d:\alexandre\documents\projets\[glowwormengine]\simu\simulation_robot_1\simulation_robot_1\dependencies\bullet3-3.17\build_vs2019\src\bullet3opencl\bullet3opencl_clew.dir\release\b3trianglecallback.obj
d:\alexandre\documents\projets\[glowwormengine]\simu\simulation_robot_1\simulation_robot_1\dependencies\bullet3-3.17\build_vs2019\src\bullet3opencl\bullet3opencl_clew.dir\release\b3stridingmeshinterface.obj
d:\alexandre\documents\projets\[glowwormengine]\simu\simulation_robot_1\simulation_robot_1\dependencies\bullet3-3.17\build_vs2019\src\bullet3opencl\bullet3opencl_clew.dir\release\b3quantizedbvh.obj
d:\alexandre\documents\projets\[glowwormengine]\simu\simulation_robot_1\simulation_robot_1\dependencies\bullet3-3.17\build_vs2019\src\bullet3opencl\bullet3opencl_clew.dir\release\b3optimizedbvh.obj
d:\alexandre\documents\projets\[glowwormengine]\simu\simulation_robot_1\simulation_robot_1\dependencies\bullet3-3.17\build_vs2019\src\bullet3opencl\bullet3opencl_clew.dir\release\b3gjkepa.obj
d:\alexandre\documents\projets\[glowwormengine]\simu\simulation_robot_1\simulation_robot_1\dependencies\bullet3-3.17\build_vs2019\src\bullet3opencl\bullet3opencl_clew.dir\release\b3convexhullcontact.obj
d:\alexandre\documents\projets\[glowwormengine]\simu\simulation_robot_1\simulation_robot_1\dependencies\bullet3-3.17\build_vs2019\src\bullet3opencl\bullet3opencl_clew.dir\release\b3contactcache.obj
d:\alexandre\documents\projets\[glowwormengine]\simu\simulation_robot_1\simulation_robot_1\dependencies\bullet3-3.17\build_vs2019\src\bullet3opencl\bullet3opencl_clew.dir\release\b3openclutils.obj
d:\alexandre\documents\projets\[glowwormengine]\simu\simulation_robot_1\simulation_robot_1\dependencies\bullet3-3.17\build_vs2019\src\bullet3opencl\bullet3opencl_clew.dir\release\b3gpuparallellinearbvh.obj
d:\alexandre\documents\projets\[glowwormengine]\simu\simulation_robot_1\simulation_robot_1\dependencies\bullet3-3.17\build_vs2019\src\bullet3opencl\bullet3opencl_clew.dir\release\b3gpuparallellinearbvhbroadphase.obj
d:\alexandre\documents\projets\[glowwormengine]\simu\simulation_robot_1\simulation_robot_1\dependencies\bullet3-3.17\build_vs2019\src\bullet3opencl\bullet3opencl_clew.dir\release\b3gpusapbroadphase.obj
d:\alexandre\documents\projets\[glowwormengine]\simu\simulation_robot_1\simulation_robot_1\dependencies\bullet3-3.17\build_vs2019\src\bullet3opencl\bullet3opencl_clew.dir\release\b3gpugridbroadphase.obj
d:\alexandre\documents\projets\[glowwormengine]\simu\simulation_robot_1\simulation_robot_1\dependencies\bullet3-3.17\build_vs2019\src\bullet3opencl\bullet3opencl_clew.dir\release\b3solver.obj
d:\alexandre\documents\projets\[glowwormengine]\simu\simulation_robot_1\simulation_robot_1\dependencies\bullet3-3.17\build_vs2019\src\bullet3opencl\bullet3opencl_clew.dir\release\b3gpurigidbodypipeline.obj
d:\alexandre\documents\projets\[glowwormengine]\simu\simulation_robot_1\simulation_robot_1\dependencies\bullet3-3.17\build_vs2019\src\bullet3opencl\bullet3opencl_clew.dir\release\b3gpupgscontactsolver.obj
d:\alexandre\documents\projets\[glowwormengine]\simu\simulation_robot_1\simulation_robot_1\dependencies\bullet3-3.17\build_vs2019\src\bullet3opencl\bullet3opencl_clew.dir\release\b3gpupgsconstraintsolver.obj
d:\alexandre\documents\projets\[glowwormengine]\simu\simulation_robot_1\simulation_robot_1\dependencies\bullet3-3.17\build_vs2019\src\bullet3opencl\bullet3opencl_clew.dir\release\b3gpunarrowphase.obj
d:\alexandre\documents\projets\[glowwormengine]\simu\simulation_robot_1\simulation_robot_1\dependencies\bullet3-3.17\build_vs2019\src\bullet3opencl\bullet3opencl_clew.dir\release\b3gpujacobicontactsolver.obj
d:\alexandre\documents\projets\[glowwormengine]\simu\simulation_robot_1\simulation_robot_1\dependencies\bullet3-3.17\build_vs2019\src\bullet3opencl\bullet3opencl_clew.dir\release\b3gpugenericconstraint.obj
d:\alexandre\documents\projets\[glowwormengine]\simu\simulation_robot_1\simulation_robot_1\dependencies\bullet3-3.17\build_vs2019\src\bullet3opencl\bullet3opencl_clew.dir\release\b3gpuraycast.obj
d:\alexandre\documents\projets\[glowwormengine]\simu\simulation_robot_1\simulation_robot_1\dependencies\bullet3-3.17\build_vs2019\src\bullet3opencl\cmakefiles\generate.stamp
d:\alexandre\documents\projets\[glowwormengine]\simu\simulation_robot_1\simulation_robot_1\dependencies\bullet3-3.17\build_vs2019\src\bullet3opencl\bullet3opencl_clew.dir\release\bullet3o.42a4c215.tlog\cl.command.1.tlog
d:\alexandre\documents\projets\[glowwormengine]\simu\simulation_robot_1\simulation_robot_1\dependencies\bullet3-3.17\build_vs2019\src\bullet3opencl\bullet3opencl_clew.dir\release\bullet3o.42a4c215.tlog\cl.read.1.tlog
d:\alexandre\documents\projets\[glowwormengine]\simu\simulation_robot_1\simulation_robot_1\dependencies\bullet3-3.17\build_vs2019\src\bullet3opencl\bullet3opencl_clew.dir\release\bullet3o.42a4c215.tlog\cl.write.1.tlog
d:\alexandre\documents\projets\[glowwormengine]\simu\simulation_robot_1\simulation_robot_1\dependencies\bullet3-3.17\build_vs2019\src\bullet3opencl\bullet3opencl_clew.dir\release\bullet3o.42a4c215.tlog\custombuild.command.1.tlog
d:\alexandre\documents\projets\[glowwormengine]\simu\simulation_robot_1\simulation_robot_1\dependencies\bullet3-3.17\build_vs2019\src\bullet3opencl\bullet3opencl_clew.dir\release\bullet3o.42a4c215.tlog\custombuild.read.1.tlog
d:\alexandre\documents\projets\[glowwormengine]\simu\simulation_robot_1\simulation_robot_1\dependencies\bullet3-3.17\build_vs2019\src\bullet3opencl\bullet3opencl_clew.dir\release\bullet3o.42a4c215.tlog\custombuild.write.1.tlog
d:\alexandre\documents\projets\[glowwormengine]\simu\simulation_robot_1\simulation_robot_1\dependencies\bullet3-3.17\build_vs2019\src\bullet3opencl\bullet3opencl_clew.dir\release\bullet3o.42a4c215.tlog\link.command.1.tlog
d:\alexandre\documents\projets\[glowwormengine]\simu\simulation_robot_1\simulation_robot_1\dependencies\bullet3-3.17\build_vs2019\src\bullet3opencl\bullet3opencl_clew.dir\release\bullet3o.42a4c215.tlog\link.read.1.tlog
d:\alexandre\documents\projets\[glowwormengine]\simu\simulation_robot_1\simulation_robot_1\dependencies\bullet3-3.17\build_vs2019\src\bullet3opencl\bullet3opencl_clew.dir\release\bullet3o.42a4c215.tlog\link.write.1.tlog
