d:\alexandre\documents\projets\[glowwormengine]\simu\simulation_robot_1\simulation_robot_1\dependencies\bullet3-3.17\build_vs2019\src\bulletdynamics\bulletdynamics.dir\release\btdiscretedynamicsworld.obj
d:\alexandre\documents\projets\[glowwormengine]\simu\simulation_robot_1\simulation_robot_1\dependencies\bullet3-3.17\build_vs2019\src\bulletdynamics\bulletdynamics.dir\release\btuniversalconstraint.obj
d:\alexandre\documents\projets\[glowwormengine]\simu\simulation_robot_1\simulation_robot_1\dependencies\bullet3-3.17\build_vs2019\src\bulletdynamics\bulletdynamics.dir\release\bttypedconstraint.obj
d:\alexandre\documents\projets\[glowwormengine]\simu\simulation_robot_1\simulation_robot_1\dependencies\bullet3-3.17\build_vs2019\src\bulletdynamics\bulletdynamics.dir\release\btsolve2linearconstraint.obj
d:\alexandre\documents\projets\[glowwormengine]\simu\simulation_robot_1\simulation_robot_1\dependencies\bullet3-3.17\build_vs2019\src\bulletdynamics\bulletdynamics.dir\release\btsliderconstraint.obj
d:\alexandre\documents\projets\[glowwormengine]\simu\simulation_robot_1\simulation_robot_1\dependencies\bullet3-3.17\build_vs2019\src\bulletdynamics\bulletdynamics.dir\release\btnncgconstraintsolver.obj
d:\alexandre\documents\projets\[glowwormengine]\simu\simulation_robot_1\simulation_robot_1\dependencies\bullet3-3.17\build_vs2019\src\bulletdynamics\bulletdynamics.dir\release\btbatchedconstraints.obj
d:\alexandre\documents\projets\[glowwormengine]\simu\simulation_robot_1\simulation_robot_1\dependencies\bullet3-3.17\build_vs2019\src\bulletdynamics\bulletdynamics.dir\release\btsequentialimpulseconstraintsolvermt.obj
d:\alexandre\documents\projets\[glowwormengine]\simu\simulation_robot_1\simulation_robot_1\dependencies\bullet3-3.17\build_vs2019\src\bulletdynamics\bulletdynamics.dir\release\btsequentialimpulseconstraintsolver.obj
d:\alexandre\documents\projets\[glowwormengine]\simu\simulation_robot_1\simulation_robot_1\dependencies\bullet3-3.17\build_vs2019\src\bulletdynamics\bulletdynamics.dir\release\btpoint2pointconstraint.obj
d:\alexandre\documents\projets\[glowwormengine]\simu\simulation_robot_1\simulation_robot_1\dependencies\bullet3-3.17\build_vs2019\src\bulletdynamics\bulletdynamics.dir\release\bthingeconstraint.obj
d:\alexandre\documents\projets\[glowwormengine]\simu\simulation_robot_1\simulation_robot_1\dependencies\bullet3-3.17\build_vs2019\src\bulletdynamics\bulletdynamics.dir\release\bthinge2constraint.obj
d:\alexandre\documents\projets\[glowwormengine]\simu\simulation_robot_1\simulation_robot_1\dependencies\bullet3-3.17\build_vs2019\src\bulletdynamics\bulletdynamics.dir\release\btgeneric6dofspring2constraint.obj
d:\alexandre\documents\projets\[glowwormengine]\simu\simulation_robot_1\simulation_robot_1\dependencies\bullet3-3.17\build_vs2019\src\bulletdynamics\bulletdynamics.dir\release\btgeneric6dofspringconstraint.obj
d:\alexandre\documents\projets\[glowwormengine]\simu\simulation_robot_1\simulation_robot_1\dependencies\bullet3-3.17\build_vs2019\src\bulletdynamics\bulletdynamics.dir\release\btgeneric6dofconstraint.obj
d:\alexandre\documents\projets\[glowwormengine]\simu\simulation_robot_1\simulation_robot_1\dependencies\bullet3-3.17\build_vs2019\src\bulletdynamics\bulletdynamics.dir\release\btgearconstraint.obj
d:\alexandre\documents\projets\[glowwormengine]\simu\simulation_robot_1\simulation_robot_1\dependencies\bullet3-3.17\build_vs2019\src\bulletdynamics\bulletdynamics.dir\release\btfixedconstraint.obj
d:\alexandre\documents\projets\[glowwormengine]\simu\simulation_robot_1\simulation_robot_1\dependencies\bullet3-3.17\build_vs2019\src\bulletdynamics\bulletdynamics.dir\release\btcontactconstraint.obj
d:\alexandre\documents\projets\[glowwormengine]\simu\simulation_robot_1\simulation_robot_1\dependencies\bullet3-3.17\build_vs2019\src\bulletdynamics\bulletdynamics.dir\release\btconetwistconstraint.obj
d:\alexandre\documents\projets\[glowwormengine]\simu\simulation_robot_1\simulation_robot_1\dependencies\bullet3-3.17\build_vs2019\src\bulletdynamics\bulletdynamics.dir\release\btkinematiccharactercontroller.obj
d:\alexandre\documents\projets\[glowwormengine]\simu\simulation_robot_1\simulation_robot_1\dependencies\bullet3-3.17\build_vs2019\src\bulletdynamics\bulletdynamics.dir\release\btmlcpsolver.obj
d:\alexandre\documents\projets\[glowwormengine]\simu\simulation_robot_1\simulation_robot_1\dependencies\bullet3-3.17\build_vs2019\src\bulletdynamics\bulletdynamics.dir\release\btdantziglcp.obj
d:\alexandre\documents\projets\[glowwormengine]\simu\simulation_robot_1\simulation_robot_1\dependencies\bullet3-3.17\build_vs2019\src\bulletdynamics\bulletdynamics.dir\release\btmultibodysphericaljointmotor.obj
d:\alexandre\documents\projets\[glowwormengine]\simu\simulation_robot_1\simulation_robot_1\dependencies\bullet3-3.17\build_vs2019\src\bulletdynamics\bulletdynamics.dir\release\btmultibodysliderconstraint.obj
d:\alexandre\documents\projets\[glowwormengine]\simu\simulation_robot_1\simulation_robot_1\dependencies\bullet3-3.17\build_vs2019\src\bulletdynamics\bulletdynamics.dir\release\btmultibodypoint2point.obj
d:\alexandre\documents\projets\[glowwormengine]\simu\simulation_robot_1\simulation_robot_1\dependencies\bullet3-3.17\build_vs2019\src\bulletdynamics\bulletdynamics.dir\release\btmultibodymlcpconstraintsolver.obj
d:\alexandre\documents\projets\[glowwormengine]\simu\simulation_robot_1\simulation_robot_1\dependencies\bullet3-3.17\build_vs2019\src\bulletdynamics\bulletdynamics.dir\release\btmultibodyjointmotor.obj
d:\alexandre\documents\projets\[glowwormengine]\simu\simulation_robot_1\simulation_robot_1\dependencies\bullet3-3.17\build_vs2019\src\bulletdynamics\bulletdynamics.dir\release\btmultibodyjointlimitconstraint.obj
d:\alexandre\documents\projets\[glowwormengine]\simu\simulation_robot_1\simulation_robot_1\dependencies\bullet3-3.17\build_vs2019\src\bulletdynamics\bulletdynamics.dir\release\btmultibodygearconstraint.obj
d:\alexandre\documents\projets\[glowwormengine]\simu\simulation_robot_1\simulation_robot_1\dependencies\bullet3-3.17\build_vs2019\src\bulletdynamics\bulletdynamics.dir\release\btmultibodyfixedconstraint.obj
d:\alexandre\documents\projets\[glowwormengine]\simu\simulation_robot_1\simulation_robot_1\dependencies\bullet3-3.17\build_vs2019\src\bulletdynamics\bulletdynamics.dir\release\btmultibodydynamicsworld.obj
d:\alexandre\documents\projets\[glowwormengine]\simu\simulation_robot_1\simulation_robot_1\dependencies\bullet3-3.17\build_vs2019\src\bulletdynamics\bulletdynamics.dir\release\btmultibodyconstraintsolver.obj
d:\alexandre\documents\projets\[glowwormengine]\simu\simulation_robot_1\simulation_robot_1\dependencies\bullet3-3.17\build_vs2019\src\bulletdynamics\bulletdynamics.dir\release\btmultibodyconstraint.obj
d:\alexandre\documents\projets\[glowwormengine]\simu\simulation_robot_1\simulation_robot_1\dependencies\bullet3-3.17\build_vs2019\src\bulletdynamics\bulletdynamics.dir\release\btmultibody.obj
d:\alexandre\documents\projets\[glowwormengine]\simu\simulation_robot_1\simulation_robot_1\dependencies\bullet3-3.17\build_vs2019\src\bulletdynamics\bulletdynamics.dir\release\btwheelinfo.obj
d:\alexandre\documents\projets\[glowwormengine]\simu\simulation_robot_1\simulation_robot_1\dependencies\bullet3-3.17\build_vs2019\src\bulletdynamics\bulletdynamics.dir\release\btraycastvehicle.obj
d:\alexandre\documents\projets\[glowwormengine]\simu\simulation_robot_1\simulation_robot_1\dependencies\bullet3-3.17\build_vs2019\src\bulletdynamics\bulletdynamics.dir\release\btsimpledynamicsworld.obj
d:\alexandre\documents\projets\[glowwormengine]\simu\simulation_robot_1\simulation_robot_1\dependencies\bullet3-3.17\build_vs2019\src\bulletdynamics\bulletdynamics.dir\release\btrigidbody.obj
d:\alexandre\documents\projets\[glowwormengine]\simu\simulation_robot_1\simulation_robot_1\dependencies\bullet3-3.17\build_vs2019\src\bulletdynamics\bulletdynamics.dir\release\btsimulationislandmanagermt.obj
d:\alexandre\documents\projets\[glowwormengine]\simu\simulation_robot_1\simulation_robot_1\dependencies\bullet3-3.17\build_vs2019\src\bulletdynamics\bulletdynamics.dir\release\btdiscretedynamicsworldmt.obj
d:\alexandre\documents\projets\[glowwormengine]\simu\simulation_robot_1\simulation_robot_1\dependencies\bullet3-3.17\build_vs2019\src\bulletdynamics\bulletdynamics.dir\release\btlemkealgorithm.obj
d:\alexandre\documents\projets\[glowwormengine]\simu\simulation_robot_1\simulation_robot_1\dependencies\bullet3-3.17\build_vs2019\src\bulletdynamics\cmakefiles\generate.stamp
d:\alexandre\documents\projets\[glowwormengine]\simu\simulation_robot_1\simulation_robot_1\dependencies\bullet3-3.17\build_vs2019\src\bulletdynamics\bulletdynamics.dir\release\bulletdynamics.tlog\cl.command.1.tlog
d:\alexandre\documents\projets\[glowwormengine]\simu\simulation_robot_1\simulation_robot_1\dependencies\bullet3-3.17\build_vs2019\src\bulletdynamics\bulletdynamics.dir\release\bulletdynamics.tlog\cl.read.1.tlog
d:\alexandre\documents\projets\[glowwormengine]\simu\simulation_robot_1\simulation_robot_1\dependencies\bullet3-3.17\build_vs2019\src\bulletdynamics\bulletdynamics.dir\release\bulletdynamics.tlog\cl.write.1.tlog
d:\alexandre\documents\projets\[glowwormengine]\simu\simulation_robot_1\simulation_robot_1\dependencies\bullet3-3.17\build_vs2019\src\bulletdynamics\bulletdynamics.dir\release\bulletdynamics.tlog\custombuild.command.1.tlog
d:\alexandre\documents\projets\[glowwormengine]\simu\simulation_robot_1\simulation_robot_1\dependencies\bullet3-3.17\build_vs2019\src\bulletdynamics\bulletdynamics.dir\release\bulletdynamics.tlog\custombuild.read.1.tlog
d:\alexandre\documents\projets\[glowwormengine]\simu\simulation_robot_1\simulation_robot_1\dependencies\bullet3-3.17\build_vs2019\src\bulletdynamics\bulletdynamics.dir\release\bulletdynamics.tlog\custombuild.write.1.tlog
d:\alexandre\documents\projets\[glowwormengine]\simu\simulation_robot_1\simulation_robot_1\dependencies\bullet3-3.17\build_vs2019\src\bulletdynamics\bulletdynamics.dir\release\bulletdynamics.tlog\link.command.1.tlog
d:\alexandre\documents\projets\[glowwormengine]\simu\simulation_robot_1\simulation_robot_1\dependencies\bullet3-3.17\build_vs2019\src\bulletdynamics\bulletdynamics.dir\release\bulletdynamics.tlog\link.read.1.tlog
d:\alexandre\documents\projets\[glowwormengine]\simu\simulation_robot_1\simulation_robot_1\dependencies\bullet3-3.17\build_vs2019\src\bulletdynamics\bulletdynamics.dir\release\bulletdynamics.tlog\link.write.1.tlog
