d:\alexandre\documents\projets\[glowwormengine]\simu\simulation_robot_1\simulation_robot_1\dependencies\bullet3-3.17\build_vs2019\src\bulletsoftbody\bulletsoftbody.dir\debug\vc142.pdb
d:\alexandre\documents\projets\[glowwormengine]\simu\simulation_robot_1\simulation_robot_1\dependencies\bullet3-3.17\build_vs2019\src\bulletsoftbody\bulletsoftbody.dir\debug\poly34.obj
d:\alexandre\documents\projets\[glowwormengine]\simu\simulation_robot_1\simulation_robot_1\dependencies\bullet3-3.17\build_vs2019\src\bulletsoftbody\bulletsoftbody.dir\debug\btdeformablecontactconstraint.obj
d:\alexandre\documents\projets\[glowwormengine]\simu\simulation_robot_1\simulation_robot_1\dependencies\bullet3-3.17\build_vs2019\src\bulletsoftbody\bulletsoftbody.dir\debug\btdeformablemultibodydynamicsworld.obj
d:\alexandre\documents\projets\[glowwormengine]\simu\simulation_robot_1\simulation_robot_1\dependencies\bullet3-3.17\build_vs2019\src\bulletsoftbody\bulletsoftbody.dir\debug\btdeformablecontactprojection.obj
d:\alexandre\documents\projets\[glowwormengine]\simu\simulation_robot_1\simulation_robot_1\dependencies\bullet3-3.17\build_vs2019\src\bulletsoftbody\bulletsoftbody.dir\debug\btdeformablemultibodyconstraintsolver.obj
d:\alexandre\documents\projets\[glowwormengine]\simu\simulation_robot_1\simulation_robot_1\dependencies\bullet3-3.17\build_vs2019\src\bulletsoftbody\bulletsoftbody.dir\debug\btdeformablebodysolver.obj
d:\alexandre\documents\projets\[glowwormengine]\simu\simulation_robot_1\simulation_robot_1\dependencies\bullet3-3.17\build_vs2019\src\bulletsoftbody\bulletsoftbody.dir\debug\btdeformablebackwardeulerobjective.obj
d:\alexandre\documents\projets\[glowwormengine]\simu\simulation_robot_1\simulation_robot_1\dependencies\bullet3-3.17\build_vs2019\src\bulletsoftbody\bulletsoftbody.dir\debug\btdefaultsoftbodysolver.obj
d:\alexandre\documents\projets\[glowwormengine]\simu\simulation_robot_1\simulation_robot_1\dependencies\bullet3-3.17\build_vs2019\src\bulletsoftbody\bulletsoftbody.dir\debug\btsoftsoftcollisionalgorithm.obj
d:\alexandre\documents\projets\[glowwormengine]\simu\simulation_robot_1\simulation_robot_1\dependencies\bullet3-3.17\build_vs2019\src\bulletsoftbody\bulletsoftbody.dir\debug\btsoftmultibodydynamicsworld.obj
d:\alexandre\documents\projets\[glowwormengine]\simu\simulation_robot_1\simulation_robot_1\dependencies\bullet3-3.17\build_vs2019\src\bulletsoftbody\bulletsoftbody.dir\debug\btsoftrigiddynamicsworld.obj
d:\alexandre\documents\projets\[glowwormengine]\simu\simulation_robot_1\simulation_robot_1\dependencies\bullet3-3.17\build_vs2019\src\bulletsoftbody\bulletsoftbody.dir\debug\btsoftrigidcollisionalgorithm.obj
d:\alexandre\documents\projets\[glowwormengine]\simu\simulation_robot_1\simulation_robot_1\dependencies\bullet3-3.17\build_vs2019\src\bulletsoftbody\bulletsoftbody.dir\debug\btsoftbodyrigidbodycollisionconfiguration.obj
d:\alexandre\documents\projets\[glowwormengine]\simu\simulation_robot_1\simulation_robot_1\dependencies\bullet3-3.17\build_vs2019\src\bulletsoftbody\bulletsoftbody.dir\debug\btsoftbodyhelpers.obj
d:\alexandre\documents\projets\[glowwormengine]\simu\simulation_robot_1\simulation_robot_1\dependencies\bullet3-3.17\build_vs2019\src\bulletsoftbody\bulletsoftbody.dir\debug\btsoftbodyconcavecollisionalgorithm.obj
d:\alexandre\documents\projets\[glowwormengine]\simu\simulation_robot_1\simulation_robot_1\dependencies\bullet3-3.17\build_vs2019\src\bulletsoftbody\bulletsoftbody.dir\debug\btsoftbody.obj
d:\alexandre\documents\projets\[glowwormengine]\simu\simulation_robot_1\simulation_robot_1\dependencies\bullet3-3.17\build_vs2019\src\bulletsoftbody\cmakefiles\generate.stamp
d:\alexandre\documents\projets\[glowwormengine]\simu\simulation_robot_1\simulation_robot_1\dependencies\bullet3-3.17\build_vs2019\src\bulletsoftbody\bulletsoftbody.dir\debug\bulletsoftbody.tlog\cl.command.1.tlog
d:\alexandre\documents\projets\[glowwormengine]\simu\simulation_robot_1\simulation_robot_1\dependencies\bullet3-3.17\build_vs2019\src\bulletsoftbody\bulletsoftbody.dir\debug\bulletsoftbody.tlog\cl.read.1.tlog
d:\alexandre\documents\projets\[glowwormengine]\simu\simulation_robot_1\simulation_robot_1\dependencies\bullet3-3.17\build_vs2019\src\bulletsoftbody\bulletsoftbody.dir\debug\bulletsoftbody.tlog\cl.write.1.tlog
d:\alexandre\documents\projets\[glowwormengine]\simu\simulation_robot_1\simulation_robot_1\dependencies\bullet3-3.17\build_vs2019\src\bulletsoftbody\bulletsoftbody.dir\debug\bulletsoftbody.tlog\custombuild.command.1.tlog
d:\alexandre\documents\projets\[glowwormengine]\simu\simulation_robot_1\simulation_robot_1\dependencies\bullet3-3.17\build_vs2019\src\bulletsoftbody\bulletsoftbody.dir\debug\bulletsoftbody.tlog\custombuild.read.1.tlog
d:\alexandre\documents\projets\[glowwormengine]\simu\simulation_robot_1\simulation_robot_1\dependencies\bullet3-3.17\build_vs2019\src\bulletsoftbody\bulletsoftbody.dir\debug\bulletsoftbody.tlog\custombuild.write.1.tlog
d:\alexandre\documents\projets\[glowwormengine]\simu\simulation_robot_1\simulation_robot_1\dependencies\bullet3-3.17\build_vs2019\src\bulletsoftbody\bulletsoftbody.dir\debug\bulletsoftbody.tlog\link.command.1.tlog
d:\alexandre\documents\projets\[glowwormengine]\simu\simulation_robot_1\simulation_robot_1\dependencies\bullet3-3.17\build_vs2019\src\bulletsoftbody\bulletsoftbody.dir\debug\bulletsoftbody.tlog\link.read.1.tlog
d:\alexandre\documents\projets\[glowwormengine]\simu\simulation_robot_1\simulation_robot_1\dependencies\bullet3-3.17\build_vs2019\src\bulletsoftbody\bulletsoftbody.dir\debug\bulletsoftbody.tlog\link.write.1.tlog
