d:\alexandre\documents\projets\[glowwormengine]\simu\simulation_robot_1\simulation_robot_1\dependencies\bullet3-3.17\build_vs2019\extras\inversedynamics\bulletinversedynamicsutils.dir\release\user2internalindex.obj
d:\alexandre\documents\projets\[glowwormengine]\simu\simulation_robot_1\simulation_robot_1\dependencies\bullet3-3.17\build_vs2019\extras\inversedynamics\bulletinversedynamicsutils.dir\release\multibodynamemap.obj
d:\alexandre\documents\projets\[glowwormengine]\simu\simulation_robot_1\simulation_robot_1\dependencies\bullet3-3.17\build_vs2019\extras\inversedynamics\bulletinversedynamicsutils.dir\release\simpletreecreator.obj
d:\alexandre\documents\projets\[glowwormengine]\simu\simulation_robot_1\simulation_robot_1\dependencies\bullet3-3.17\build_vs2019\extras\inversedynamics\bulletinversedynamicsutils.dir\release\randomtreecreator.obj
d:\alexandre\documents\projets\[glowwormengine]\simu\simulation_robot_1\simulation_robot_1\dependencies\bullet3-3.17\build_vs2019\extras\inversedynamics\bulletinversedynamicsutils.dir\release\idrandomutil.obj
d:\alexandre\documents\projets\[glowwormengine]\simu\simulation_robot_1\simulation_robot_1\dependencies\bullet3-3.17\build_vs2019\extras\inversedynamics\bulletinversedynamicsutils.dir\release\invdyn_bullet_comparison.obj
d:\alexandre\documents\projets\[glowwormengine]\simu\simulation_robot_1\simulation_robot_1\dependencies\bullet3-3.17\build_vs2019\extras\inversedynamics\bulletinversedynamicsutils.dir\release\multibodytreedebuggraph.obj
d:\alexandre\documents\projets\[glowwormengine]\simu\simulation_robot_1\simulation_robot_1\dependencies\bullet3-3.17\build_vs2019\extras\inversedynamics\bulletinversedynamicsutils.dir\release\dillcreator.obj
d:\alexandre\documents\projets\[glowwormengine]\simu\simulation_robot_1\simulation_robot_1\dependencies\bullet3-3.17\build_vs2019\extras\inversedynamics\bulletinversedynamicsutils.dir\release\btmultibodytreecreator.obj
d:\alexandre\documents\projets\[glowwormengine]\simu\simulation_robot_1\simulation_robot_1\dependencies\bullet3-3.17\build_vs2019\extras\inversedynamics\bulletinversedynamicsutils.dir\release\multibodytreecreator.obj
d:\alexandre\documents\projets\[glowwormengine]\simu\simulation_robot_1\simulation_robot_1\dependencies\bullet3-3.17\build_vs2019\extras\inversedynamics\bulletinversedynamicsutils.dir\release\coilcreator.obj
d:\alexandre\documents\projets\[glowwormengine]\simu\simulation_robot_1\simulation_robot_1\dependencies\bullet3-3.17\build_vs2019\extras\inversedynamics\bulletinversedynamicsutils.dir\release\clonetreecreator.obj
d:\alexandre\documents\projets\[glowwormengine]\simu\simulation_robot_1\simulation_robot_1\dependencies\bullet3-3.17\build_vs2019\extras\inversedynamics\cmakefiles\generate.stamp
d:\alexandre\documents\projets\[glowwormengine]\simu\simulation_robot_1\simulation_robot_1\dependencies\bullet3-3.17\build_vs2019\extras\inversedynamics\bulletinversedynamicsutils.dir\release\bulletin.1d4eedbf.tlog\cl.command.1.tlog
d:\alexandre\documents\projets\[glowwormengine]\simu\simulation_robot_1\simulation_robot_1\dependencies\bullet3-3.17\build_vs2019\extras\inversedynamics\bulletinversedynamicsutils.dir\release\bulletin.1d4eedbf.tlog\cl.read.1.tlog
d:\alexandre\documents\projets\[glowwormengine]\simu\simulation_robot_1\simulation_robot_1\dependencies\bullet3-3.17\build_vs2019\extras\inversedynamics\bulletinversedynamicsutils.dir\release\bulletin.1d4eedbf.tlog\cl.write.1.tlog
d:\alexandre\documents\projets\[glowwormengine]\simu\simulation_robot_1\simulation_robot_1\dependencies\bullet3-3.17\build_vs2019\extras\inversedynamics\bulletinversedynamicsutils.dir\release\bulletin.1d4eedbf.tlog\custombuild.command.1.tlog
d:\alexandre\documents\projets\[glowwormengine]\simu\simulation_robot_1\simulation_robot_1\dependencies\bullet3-3.17\build_vs2019\extras\inversedynamics\bulletinversedynamicsutils.dir\release\bulletin.1d4eedbf.tlog\custombuild.read.1.tlog
d:\alexandre\documents\projets\[glowwormengine]\simu\simulation_robot_1\simulation_robot_1\dependencies\bullet3-3.17\build_vs2019\extras\inversedynamics\bulletinversedynamicsutils.dir\release\bulletin.1d4eedbf.tlog\custombuild.write.1.tlog
d:\alexandre\documents\projets\[glowwormengine]\simu\simulation_robot_1\simulation_robot_1\dependencies\bullet3-3.17\build_vs2019\extras\inversedynamics\bulletinversedynamicsutils.dir\release\bulletin.1d4eedbf.tlog\link.command.1.tlog
d:\alexandre\documents\projets\[glowwormengine]\simu\simulation_robot_1\simulation_robot_1\dependencies\bullet3-3.17\build_vs2019\extras\inversedynamics\bulletinversedynamicsutils.dir\release\bulletin.1d4eedbf.tlog\link.read.1.tlog
d:\alexandre\documents\projets\[glowwormengine]\simu\simulation_robot_1\simulation_robot_1\dependencies\bullet3-3.17\build_vs2019\extras\inversedynamics\bulletinversedynamicsutils.dir\release\bulletin.1d4eedbf.tlog\link.write.1.tlog
