d:\alexandre\documents\projets\[glowwormengine]\simu\simulation_robot_1\simulation_robot_1\dependencies\bullet3-3.17\build_vs2019\src\bulletdynamics\bulletdynamics.dir\debug\vc142.pdb
d:\alexandre\documents\projets\[glowwormengine]\simu\simulation_robot_1\simulation_robot_1\dependencies\bullet3-3.17\build_vs2019\src\bulletdynamics\bulletdynamics.dir\debug\btdiscretedynamicsworld.obj
d:\alexandre\documents\projets\[glowwormengine]\simu\simulation_robot_1\simulation_robot_1\dependencies\bullet3-3.17\build_vs2019\src\bulletdynamics\bulletdynamics.dir\debug\btuniversalconstraint.obj
d:\alexandre\documents\projets\[glowwormengine]\simu\simulation_robot_1\simulation_robot_1\dependencies\bullet3-3.17\build_vs2019\src\bulletdynamics\bulletdynamics.dir\debug\bttypedconstraint.obj
d:\alexandre\documents\projets\[glowwormengine]\simu\simulation_robot_1\simulation_robot_1\dependencies\bullet3-3.17\build_vs2019\src\bulletdynamics\bulletdynamics.dir\debug\btsolve2linearconstraint.obj
d:\alexandre\documents\projets\[glowwormengine]\simu\simulation_robot_1\simulation_robot_1\dependencies\bullet3-3.17\build_vs2019\src\bulletdynamics\bulletdynamics.dir\debug\btsliderconstraint.obj
d:\alexandre\documents\projets\[glowwormengine]\simu\simulation_robot_1\simulation_robot_1\dependencies\bullet3-3.17\build_vs2019\src\bulletdynamics\bulletdynamics.dir\debug\btnncgconstraintsolver.obj
d:\alexandre\documents\projets\[glowwormengine]\simu\simulation_robot_1\simulation_robot_1\dependencies\bullet3-3.17\build_vs2019\src\bulletdynamics\bulletdynamics.dir\debug\btbatchedconstraints.obj
d:\alexandre\documents\projets\[glowwormengine]\simu\simulation_robot_1\simulation_robot_1\dependencies\bullet3-3.17\build_vs2019\src\bulletdynamics\bulletdynamics.dir\debug\btsequentialimpulseconstraintsolvermt.obj
d:\alexandre\documents\projets\[glowwormengine]\simu\simulation_robot_1\simulation_robot_1\dependencies\bullet3-3.17\build_vs2019\src\bulletdynamics\bulletdynamics.dir\debug\btsequentialimpulseconstraintsolver.obj
d:\alexandre\documents\projets\[glowwormengine]\simu\simulation_robot_1\simulation_robot_1\dependencies\bullet3-3.17\build_vs2019\src\bulletdynamics\bulletdynamics.dir\debug\btpoint2pointconstraint.obj
d:\alexandre\documents\projets\[glowwormengine]\simu\simulation_robot_1\simulation_robot_1\dependencies\bullet3-3.17\build_vs2019\src\bulletdynamics\bulletdynamics.dir\debug\bthingeconstraint.obj
d:\alexandre\documents\projets\[glowwormengine]\simu\simulation_robot_1\simulation_robot_1\dependencies\bullet3-3.17\build_vs2019\src\bulletdynamics\bulletdynamics.dir\debug\bthinge2constraint.obj
d:\alexandre\documents\projets\[glowwormengine]\simu\simulation_robot_1\simulation_robot_1\dependencies\bullet3-3.17\build_vs2019\src\bulletdynamics\bulletdynamics.dir\debug\btgeneric6dofspring2constraint.obj
d:\alexandre\documents\projets\[glowwormengine]\simu\simulation_robot_1\simulation_robot_1\dependencies\bullet3-3.17\build_vs2019\src\bulletdynamics\bulletdynamics.dir\debug\btgeneric6dofspringconstraint.obj
d:\alexandre\documents\projets\[glowwormengine]\simu\simulation_robot_1\simulation_robot_1\dependencies\bullet3-3.17\build_vs2019\src\bulletdynamics\bulletdynamics.dir\debug\btgeneric6dofconstraint.obj
d:\alexandre\documents\projets\[glowwormengine]\simu\simulation_robot_1\simulation_robot_1\dependencies\bullet3-3.17\build_vs2019\src\bulletdynamics\bulletdynamics.dir\debug\btgearconstraint.obj
d:\alexandre\documents\projets\[glowwormengine]\simu\simulation_robot_1\simulation_robot_1\dependencies\bullet3-3.17\build_vs2019\src\bulletdynamics\bulletdynamics.dir\debug\btfixedconstraint.obj
d:\alexandre\documents\projets\[glowwormengine]\simu\simulation_robot_1\simulation_robot_1\dependencies\bullet3-3.17\build_vs2019\src\bulletdynamics\bulletdynamics.dir\debug\btcontactconstraint.obj
d:\alexandre\documents\projets\[glowwormengine]\simu\simulation_robot_1\simulation_robot_1\dependencies\bullet3-3.17\build_vs2019\src\bulletdynamics\bulletdynamics.dir\debug\btconetwistconstraint.obj
d:\alexandre\documents\projets\[glowwormengine]\simu\simulation_robot_1\simulation_robot_1\dependencies\bullet3-3.17\build_vs2019\src\bulletdynamics\bulletdynamics.dir\debug\btkinematiccharactercontroller.obj
d:\alexandre\documents\projets\[glowwormengine]\simu\simulation_robot_1\simulation_robot_1\dependencies\bullet3-3.17\build_vs2019\src\bulletdynamics\bulletdynamics.dir\debug\btmlcpsolver.obj
d:\alexandre\documents\projets\[glowwormengine]\simu\simulation_robot_1\simulation_robot_1\dependencies\bullet3-3.17\build_vs2019\src\bulletdynamics\bulletdynamics.dir\debug\btdantziglcp.obj
d:\alexandre\documents\projets\[glowwormengine]\simu\simulation_robot_1\simulation_robot_1\dependencies\bullet3-3.17\build_vs2019\src\bulletdynamics\bulletdynamics.dir\debug\btmultibodysphericaljointmotor.obj
d:\alexandre\documents\projets\[glowwormengine]\simu\simulation_robot_1\simulation_robot_1\dependencies\bullet3-3.17\build_vs2019\src\bulletdynamics\bulletdynamics.dir\debug\btmultibodysliderconstraint.obj
d:\alexandre\documents\projets\[glowwormengine]\simu\simulation_robot_1\simulation_robot_1\dependencies\bullet3-3.17\build_vs2019\src\bulletdynamics\bulletdynamics.dir\debug\btmultibodypoint2point.obj
d:\alexandre\documents\projets\[glowwormengine]\simu\simulation_robot_1\simulation_robot_1\dependencies\bullet3-3.17\build_vs2019\src\bulletdynamics\bulletdynamics.dir\debug\btmultibodymlcpconstraintsolver.obj
d:\alexandre\documents\projets\[glowwormengine]\simu\simulation_robot_1\simulation_robot_1\dependencies\bullet3-3.17\build_vs2019\src\bulletdynamics\bulletdynamics.dir\debug\btmultibodyjointmotor.obj
d:\alexandre\documents\projets\[glowwormengine]\simu\simulation_robot_1\simulation_robot_1\dependencies\bullet3-3.17\build_vs2019\src\bulletdynamics\bulletdynamics.dir\debug\btmultibodyjointlimitconstraint.obj
d:\alexandre\documents\projets\[glowwormengine]\simu\simulation_robot_1\simulation_robot_1\dependencies\bullet3-3.17\build_vs2019\src\bulletdynamics\bulletdynamics.dir\debug\btmultibodygearconstraint.obj
d:\alexandre\documents\projets\[glowwormengine]\simu\simulation_robot_1\simulation_robot_1\dependencies\bullet3-3.17\build_vs2019\src\bulletdynamics\bulletdynamics.dir\debug\btmultibodyfixedconstraint.obj
d:\alexandre\documents\projets\[glowwormengine]\simu\simulation_robot_1\simulation_robot_1\dependencies\bullet3-3.17\build_vs2019\src\bulletdynamics\bulletdynamics.dir\debug\btmultibodydynamicsworld.obj
d:\alexandre\documents\projets\[glowwormengine]\simu\simulation_robot_1\simulation_robot_1\dependencies\bullet3-3.17\build_vs2019\src\bulletdynamics\bulletdynamics.dir\debug\btmultibodyconstraintsolver.obj
d:\alexandre\documents\projets\[glowwormengine]\simu\simulation_robot_1\simulation_robot_1\dependencies\bullet3-3.17\build_vs2019\src\bulletdynamics\bulletdynamics.dir\debug\btmultibodyconstraint.obj
d:\alexandre\documents\projets\[glowwormengine]\simu\simulation_robot_1\simulation_robot_1\dependencies\bullet3-3.17\build_vs2019\src\bulletdynamics\bulletdynamics.dir\debug\btmultibody.obj
d:\alexandre\documents\projets\[glowwormengine]\simu\simulation_robot_1\simulation_robot_1\dependencies\bullet3-3.17\build_vs2019\src\bulletdynamics\bulletdynamics.dir\debug\btwheelinfo.obj
d:\alexandre\documents\projets\[glowwormengine]\simu\simulation_robot_1\simulation_robot_1\dependencies\bullet3-3.17\build_vs2019\src\bulletdynamics\bulletdynamics.dir\debug\btraycastvehicle.obj
d:\alexandre\documents\projets\[glowwormengine]\simu\simulation_robot_1\simulation_robot_1\dependencies\bullet3-3.17\build_vs2019\src\bulletdynamics\bulletdynamics.dir\debug\btsimpledynamicsworld.obj
d:\alexandre\documents\projets\[glowwormengine]\simu\simulation_robot_1\simulation_robot_1\dependencies\bullet3-3.17\build_vs2019\src\bulletdynamics\bulletdynamics.dir\debug\btrigidbody.obj
d:\alexandre\documents\projets\[glowwormengine]\simu\simulation_robot_1\simulation_robot_1\dependencies\bullet3-3.17\build_vs2019\src\bulletdynamics\bulletdynamics.dir\debug\btsimulationislandmanagermt.obj
d:\alexandre\documents\projets\[glowwormengine]\simu\simulation_robot_1\simulation_robot_1\dependencies\bullet3-3.17\build_vs2019\src\bulletdynamics\bulletdynamics.dir\debug\btdiscretedynamicsworldmt.obj
d:\alexandre\documents\projets\[glowwormengine]\simu\simulation_robot_1\simulation_robot_1\dependencies\bullet3-3.17\build_vs2019\src\bulletdynamics\bulletdynamics.dir\debug\btlemkealgorithm.obj
d:\alexandre\documents\projets\[glowwormengine]\simu\simulation_robot_1\simulation_robot_1\dependencies\bullet3-3.17\build_vs2019\src\bulletdynamics\cmakefiles\generate.stamp
d:\alexandre\documents\projets\[glowwormengine]\simu\simulation_robot_1\simulation_robot_1\dependencies\bullet3-3.17\build_vs2019\src\bulletdynamics\bulletdynamics.dir\debug\bulletdynamics.tlog\cl.command.1.tlog
d:\alexandre\documents\projets\[glowwormengine]\simu\simulation_robot_1\simulation_robot_1\dependencies\bullet3-3.17\build_vs2019\src\bulletdynamics\bulletdynamics.dir\debug\bulletdynamics.tlog\cl.read.1.tlog
d:\alexandre\documents\projets\[glowwormengine]\simu\simulation_robot_1\simulation_robot_1\dependencies\bullet3-3.17\build_vs2019\src\bulletdynamics\bulletdynamics.dir\debug\bulletdynamics.tlog\cl.write.1.tlog
d:\alexandre\documents\projets\[glowwormengine]\simu\simulation_robot_1\simulation_robot_1\dependencies\bullet3-3.17\build_vs2019\src\bulletdynamics\bulletdynamics.dir\debug\bulletdynamics.tlog\custombuild.command.1.tlog
d:\alexandre\documents\projets\[glowwormengine]\simu\simulation_robot_1\simulation_robot_1\dependencies\bullet3-3.17\build_vs2019\src\bulletdynamics\bulletdynamics.dir\debug\bulletdynamics.tlog\custombuild.read.1.tlog
d:\alexandre\documents\projets\[glowwormengine]\simu\simulation_robot_1\simulation_robot_1\dependencies\bullet3-3.17\build_vs2019\src\bulletdynamics\bulletdynamics.dir\debug\bulletdynamics.tlog\custombuild.write.1.tlog
d:\alexandre\documents\projets\[glowwormengine]\simu\simulation_robot_1\simulation_robot_1\dependencies\bullet3-3.17\build_vs2019\src\bulletdynamics\bulletdynamics.dir\debug\bulletdynamics.tlog\link.command.1.tlog
d:\alexandre\documents\projets\[glowwormengine]\simu\simulation_robot_1\simulation_robot_1\dependencies\bullet3-3.17\build_vs2019\src\bulletdynamics\bulletdynamics.dir\debug\bulletdynamics.tlog\link.read.1.tlog
d:\alexandre\documents\projets\[glowwormengine]\simu\simulation_robot_1\simulation_robot_1\dependencies\bullet3-3.17\build_vs2019\src\bulletdynamics\bulletdynamics.dir\debug\bulletdynamics.tlog\link.write.1.tlog
