d:\alexandre\documents\projets\[glowwormengine]\simu\simulation_robot_1\simulation_robot_1\dependencies\bullet3-3.17\build_vs2019\src\linearmath\linearmath.dir\release\btthreadsupportwin32.obj
d:\alexandre\documents\projets\[glowwormengine]\simu\simulation_robot_1\simulation_robot_1\dependencies\bullet3-3.17\build_vs2019\src\linearmath\linearmath.dir\release\btthreadsupportposix.obj
d:\alexandre\documents\projets\[glowwormengine]\simu\simulation_robot_1\simulation_robot_1\dependencies\bullet3-3.17\build_vs2019\src\linearmath\linearmath.dir\release\bttaskscheduler.obj
d:\alexandre\documents\projets\[glowwormengine]\simu\simulation_robot_1\simulation_robot_1\dependencies\bullet3-3.17\build_vs2019\src\linearmath\linearmath.dir\release\btvector3.obj
d:\alexandre\documents\projets\[glowwormengine]\simu\simulation_robot_1\simulation_robot_1\dependencies\bullet3-3.17\build_vs2019\src\linearmath\linearmath.dir\release\btthreads.obj
d:\alexandre\documents\projets\[glowwormengine]\simu\simulation_robot_1\simulation_robot_1\dependencies\bullet3-3.17\build_vs2019\src\linearmath\linearmath.dir\release\btserializer64.obj
d:\alexandre\documents\projets\[glowwormengine]\simu\simulation_robot_1\simulation_robot_1\dependencies\bullet3-3.17\build_vs2019\src\linearmath\linearmath.dir\release\btserializer.obj
d:\alexandre\documents\projets\[glowwormengine]\simu\simulation_robot_1\simulation_robot_1\dependencies\bullet3-3.17\build_vs2019\src\linearmath\linearmath.dir\release\btreducedvector.obj
d:\alexandre\documents\projets\[glowwormengine]\simu\simulation_robot_1\simulation_robot_1\dependencies\bullet3-3.17\build_vs2019\src\linearmath\linearmath.dir\release\btquickprof.obj
d:\alexandre\documents\projets\[glowwormengine]\simu\simulation_robot_1\simulation_robot_1\dependencies\bullet3-3.17\build_vs2019\src\linearmath\linearmath.dir\release\btpolardecomposition.obj
d:\alexandre\documents\projets\[glowwormengine]\simu\simulation_robot_1\simulation_robot_1\dependencies\bullet3-3.17\build_vs2019\src\linearmath\linearmath.dir\release\btgeometryutil.obj
d:\alexandre\documents\projets\[glowwormengine]\simu\simulation_robot_1\simulation_robot_1\dependencies\bullet3-3.17\build_vs2019\src\linearmath\linearmath.dir\release\btconvexhullcomputer.obj
d:\alexandre\documents\projets\[glowwormengine]\simu\simulation_robot_1\simulation_robot_1\dependencies\bullet3-3.17\build_vs2019\src\linearmath\linearmath.dir\release\btconvexhull.obj
d:\alexandre\documents\projets\[glowwormengine]\simu\simulation_robot_1\simulation_robot_1\dependencies\bullet3-3.17\build_vs2019\src\linearmath\linearmath.dir\release\btalignedallocator.obj
d:\alexandre\documents\projets\[glowwormengine]\simu\simulation_robot_1\simulation_robot_1\dependencies\bullet3-3.17\build_vs2019\src\linearmath\cmakefiles\generate.stamp
d:\alexandre\documents\projets\[glowwormengine]\simu\simulation_robot_1\simulation_robot_1\dependencies\bullet3-3.17\build_vs2019\lib\release\linearmath.dll
d:\alexandre\documents\projets\[glowwormengine]\simu\simulation_robot_1\simulation_robot_1\dependencies\bullet3-3.17\build_vs2019\src\linearmath\linearmath.dir\release\linearmath.tlog\cl.command.1.tlog
d:\alexandre\documents\projets\[glowwormengine]\simu\simulation_robot_1\simulation_robot_1\dependencies\bullet3-3.17\build_vs2019\src\linearmath\linearmath.dir\release\linearmath.tlog\cl.read.1.tlog
d:\alexandre\documents\projets\[glowwormengine]\simu\simulation_robot_1\simulation_robot_1\dependencies\bullet3-3.17\build_vs2019\src\linearmath\linearmath.dir\release\linearmath.tlog\cl.write.1.tlog
d:\alexandre\documents\projets\[glowwormengine]\simu\simulation_robot_1\simulation_robot_1\dependencies\bullet3-3.17\build_vs2019\src\linearmath\linearmath.dir\release\linearmath.tlog\custombuild.command.1.tlog
d:\alexandre\documents\projets\[glowwormengine]\simu\simulation_robot_1\simulation_robot_1\dependencies\bullet3-3.17\build_vs2019\src\linearmath\linearmath.dir\release\linearmath.tlog\custombuild.read.1.tlog
d:\alexandre\documents\projets\[glowwormengine]\simu\simulation_robot_1\simulation_robot_1\dependencies\bullet3-3.17\build_vs2019\src\linearmath\linearmath.dir\release\linearmath.tlog\custombuild.write.1.tlog
d:\alexandre\documents\projets\[glowwormengine]\simu\simulation_robot_1\simulation_robot_1\dependencies\bullet3-3.17\build_vs2019\src\linearmath\linearmath.dir\release\linearmath.tlog\link.command.1.tlog
d:\alexandre\documents\projets\[glowwormengine]\simu\simulation_robot_1\simulation_robot_1\dependencies\bullet3-3.17\build_vs2019\src\linearmath\linearmath.dir\release\linearmath.tlog\link.read.1.tlog
d:\alexandre\documents\projets\[glowwormengine]\simu\simulation_robot_1\simulation_robot_1\dependencies\bullet3-3.17\build_vs2019\src\linearmath\linearmath.dir\release\linearmath.tlog\link.write.1.tlog
